Arguments: 
  /Users/dtonys/.nvm/versions/node/v8.1.2/bin/node /Users/dtonys/.nvm/versions/node/v8.1.2/bin/yarn init

PATH: 
  /Users/dtonys/.nvm/versions/node/v8.1.2/bin:/usr/local/bin:/usr/bin:/bin:/usr/sbin:/sbin:/opt/scripts/killport

Yarn version: 
  1.3.2

Node version: 
  8.1.2

Platform: 
  darwin x64

npm manifest: 
  No manifest

yarn manifest: 
  No manifest

Lockfile: 
  No lockfile

Trace: 
  Error: canceled
      at Interface.<anonymous> (/Users/dtonys/.nvm/versions/node/v8.1.2/lib/node_modules/yarn/lib/cli.js:121045:13)
      at emitNone (events.js:105:13)
      at Interface.emit (events.js:207:7)
      at Interface._ttyWrite (readline.js:768:16)
      at ReadStream.onkeypress (readline.js:157:10)
      at emitTwo (events.js:125:13)
      at ReadStream.emit (events.js:213:7)
      at emitKeys (internal/readline.js:417:14)
      at emitKeys.next (<anonymous>)
      at ReadStream.onData (readline.js:1005:36)
